<?xml version="1.0" encoding="UTF-8"?>
<!-- Generated by org.testng.reporters.JUnitXMLReporter -->
<testsuite hostname="DESKTOP-U06A8EN" name="Surefire test" tests="5" failures="0" timestamp="2 Jun 2022 17:44:03 GMT" time="11.895" errors="0">
  <testcase name="VerifyEnterAndSearch" time="3.487" classname="com.te.TestCases.HomePageTest"/>
  <testcase name="VerifyEnterAndSearch1" time="2.34" classname="com.te.TestCases.HomePageTest"/>
  <testcase name="VerifyAbleToPopulateFormWithAllParameters" time="2.914" classname="com.te.toolsqa.TextBoxPageTest"/>
  <testcase name="VerifyAbleToPopulateFormWithSkipParameters" time="1.339" classname="com.te.toolsqa.TextBoxPageTest"/>
  <testcase name="VerifyAbleToPopulateTextBoxes" time="1.792" classname="com.te.toolsqa.TextBoxPageTest"/>
</testsuite> <!-- Surefire test -->
