<?xml version="1.0" encoding="UTF-8"?>
<!-- Generated by org.testng.reporters.JUnitXMLReporter -->
<testsuite hostname="DESKTOP-U06A8EN" failures="0" tests="5" name="Surefire test" time="11.557" errors="0" timestamp="2 Jun 2022 17:06:31 GMT">
  <testcase classname="com.te.TestCases.HomePageTest" name="VerifyEnterAndSearch" time="3.557"/>
  <testcase classname="com.te.TestCases.HomePageTest" name="VerifyEnterAndSearch1" time="2.287"/>
  <testcase classname="com.te.toolsqa.TextBoxPageTest" name="VerifyAbleToPopulateFormWithAllParameters" time="3.005"/>
  <testcase classname="com.te.toolsqa.TextBoxPageTest" name="VerifyAbleToPopulateFormWithSkipParameters" time="1.35"/>
  <testcase classname="com.te.toolsqa.TextBoxPageTest" name="VerifyAbleToPopulateTextBoxes" time="1.31"/>
</testsuite> <!-- Surefire test -->
