<?xml version="1.0" encoding="UTF-8"?>
<!-- Generated by org.testng.reporters.JUnitXMLReporter -->
<testsuite ignored="1" hostname="DESKTOP-U06A8EN" failures="0" tests="1" name="Default test" time="3.895" errors="0" timestamp="2022-06-02T13:56:41 CEST">
  <testcase classname="com.te.TestCases.HomePageTest" name="VerifyEnterAndSearch" time="3.846"/>
  <testcase classname="com.te.TestCases.HomePageTest" name="VerifyEnterAndSearch1" time="0.0">
    <ignored/>
  </testcase> <!-- VerifyEnterAndSearch1 -->
</testsuite> <!-- Default test -->
