<?xml version="1.0" encoding="UTF-8"?>
<!-- Generated by org.testng.reporters.JUnitXMLReporter -->
<testsuite ignored="0" hostname="DESKTOP-U06A8EN" failures="0" tests="3" name="Default test" time="6.314" errors="0" timestamp="2022-06-01T21:23:08 CEST">
  <testcase classname="com.te.toolsqa.TextBoxPageTest" name="VerifyAbleToPopulateFormWithAllParameters" time="2.818"/>
  <testcase classname="com.te.toolsqa.TextBoxPageTest" name="VerifyAbleToPopulateFormWithSkipParameters" time="1.521"/>
  <testcase classname="com.te.toolsqa.TextBoxPageTest" name="VerifyAbleToPopulateTextBoxes" time="1.689"/>
</testsuite> <!-- Default test -->
