<?xml version="1.0" encoding="UTF-8"?>
<!-- Generated by org.testng.reporters.JUnitXMLReporter -->
<testsuite ignored="0" hostname="DESKTOP-U06A8EN" failures="0" tests="3" name="Test" time="6.22" errors="0" timestamp="2022-06-02T18:09:06 CEST">
  <testcase classname="com.te.toolsqa.TextBoxPageTest" name="VerifyAbleToPopulateFormWithAllParameters" time="2.944"/>
  <testcase classname="com.te.toolsqa.TextBoxPageTest" name="VerifyAbleToPopulateFormWithSkipParameters" time="1.58"/>
  <testcase classname="com.te.toolsqa.TextBoxPageTest" name="VerifyAbleToPopulateTextBoxes" time="1.419"/>
</testsuite> <!-- Test -->
