<?xml version="1.0" encoding="UTF-8"?>
<!-- Generated by org.testng.reporters.JUnitXMLReporter -->
<testsuite ignored="0" hostname="DESKTOP-U06A8EN" failures="0" tests="2" name="VerifyAbleToPopulateTextBoxes" time="5.831" errors="0" timestamp="2022-06-02T19:39:49 CEST">
  <testcase classname="com.te.TestCases.HomePageTest" name="VerifyEnterAndSearch" time="3.3"/>
  <testcase classname="com.te.TestCases.HomePageTest" name="VerifyEnterAndSearch1" time="2.476"/>
</testsuite> <!-- VerifyAbleToPopulateTextBoxes -->
