<?xml version="1.0" encoding="UTF-8"?>
<testng-results skipped="0" failed="0" total="5" passed="5">
  <reporter-output>
  </reporter-output>
  <suite name="Surefire suite" duration-ms="11895" started-at="2022-06-02T17:43:51Z" finished-at="2022-06-02T17:44:03Z">
    <groups>
    </groups>
    <test name="Surefire test" duration-ms="11895" started-at="2022-06-02T17:43:51Z" finished-at="2022-06-02T17:44:03Z">
      <class name="com.te.TestCases.HomePageTest">
        <test-method status="PASS" signature="RetrieveParameters(java.lang.reflect.Method)[pri:0, instance:com.te.TestCases.HomePageTest@76884e4b]" name="RetrieveParameters" is-config="true" duration-ms="9" started-at="2022-06-02T19:43:51Z" finished-at="2022-06-02T19:43:51Z">
          <params>
            <param index="0">
              <value>
                <![CDATA[public void com.te.TestCases.HomePageTest.VerifyEnterAndSearch()]]>
              </value>
            </param>
          </params>
          <reporter-output>
          </reporter-output>
        </test-method> <!-- RetrieveParameters -->
        <test-method status="PASS" signature="VerifyEnterAndSearch()[pri:0, instance:com.te.TestCases.HomePageTest@76884e4b]" name="VerifyEnterAndSearch" duration-ms="3487" started-at="2022-06-02T19:43:51Z" finished-at="2022-06-02T19:43:55Z">
          <reporter-output>
          </reporter-output>
        </test-method> <!-- VerifyEnterAndSearch -->
        <test-method status="PASS" signature="RetrieveParameters(java.lang.reflect.Method)[pri:0, instance:com.te.TestCases.HomePageTest@76884e4b]" name="RetrieveParameters" is-config="true" duration-ms="1" started-at="2022-06-02T19:43:55Z" finished-at="2022-06-02T19:43:55Z">
          <params>
            <param index="0">
              <value>
                <![CDATA[public void com.te.TestCases.HomePageTest.VerifyEnterAndSearch1()]]>
              </value>
            </param>
          </params>
          <reporter-output>
          </reporter-output>
        </test-method> <!-- RetrieveParameters -->
        <test-method status="PASS" signature="VerifyEnterAndSearch1()[pri:0, instance:com.te.TestCases.HomePageTest@76884e4b]" name="VerifyEnterAndSearch1" duration-ms="2340" started-at="2022-06-02T19:43:55Z" finished-at="2022-06-02T19:43:57Z">
          <reporter-output>
          </reporter-output>
        </test-method> <!-- VerifyEnterAndSearch1 -->
        <test-method status="PASS" signature="tearDown()[pri:0, instance:com.te.TestCases.HomePageTest@76884e4b]" name="tearDown" is-config="true" duration-ms="844" started-at="2022-06-02T19:44:03Z" finished-at="2022-06-02T19:44:04Z">
          <reporter-output>
          </reporter-output>
        </test-method> <!-- tearDown -->
      </class> <!-- com.te.TestCases.HomePageTest -->
      <class name="com.te.toolsqa.TextBoxPageTest">
        <test-method status="PASS" signature="RetrieveParameters(java.lang.reflect.Method)[pri:0, instance:com.te.toolsqa.TextBoxPageTest@12c7a01b]" name="RetrieveParameters" is-config="true" duration-ms="1" started-at="2022-06-02T19:43:57Z" finished-at="2022-06-02T19:43:57Z">
          <params>
            <param index="0">
              <value>
                <![CDATA[public void com.te.toolsqa.TextBoxPageTest.VerifyAbleToPopulateFormWithAllParameters()]]>
              </value>
            </param>
          </params>
          <reporter-output>
          </reporter-output>
        </test-method> <!-- RetrieveParameters -->
        <test-method status="PASS" signature="VerifyAbleToPopulateFormWithAllParameters()[pri:0, instance:com.te.toolsqa.TextBoxPageTest@12c7a01b]" name="VerifyAbleToPopulateFormWithAllParameters" duration-ms="2914" started-at="2022-06-02T19:43:57Z" finished-at="2022-06-02T19:44:00Z">
          <reporter-output>
          </reporter-output>
        </test-method> <!-- VerifyAbleToPopulateFormWithAllParameters -->
        <test-method status="PASS" signature="VerifyAbleToPopulateFormWithSkipParameters()[pri:0, instance:com.te.toolsqa.TextBoxPageTest@12c7a01b]" name="VerifyAbleToPopulateFormWithSkipParameters" duration-ms="1339" started-at="2022-06-02T19:44:00Z" finished-at="2022-06-02T19:44:01Z">
          <reporter-output>
          </reporter-output>
        </test-method> <!-- VerifyAbleToPopulateFormWithSkipParameters -->
        <test-method status="PASS" signature="RetrieveParameters(java.lang.reflect.Method)[pri:0, instance:com.te.toolsqa.TextBoxPageTest@12c7a01b]" name="RetrieveParameters" is-config="true" duration-ms="0" started-at="2022-06-02T19:44:00Z" finished-at="2022-06-02T19:44:00Z">
          <params>
            <param index="0">
              <value>
                <![CDATA[public void com.te.toolsqa.TextBoxPageTest.VerifyAbleToPopulateFormWithSkipParameters()]]>
              </value>
            </param>
          </params>
          <reporter-output>
          </reporter-output>
        </test-method> <!-- RetrieveParameters -->
        <test-method status="PASS" signature="RetrieveParameters(java.lang.reflect.Method)[pri:0, instance:com.te.toolsqa.TextBoxPageTest@12c7a01b]" name="RetrieveParameters" is-config="true" duration-ms="1" started-at="2022-06-02T19:44:01Z" finished-at="2022-06-02T19:44:01Z">
          <params>
            <param index="0">
              <value>
                <![CDATA[public void com.te.toolsqa.TextBoxPageTest.VerifyAbleToPopulateTextBoxes()]]>
              </value>
            </param>
          </params>
          <reporter-output>
          </reporter-output>
        </test-method> <!-- RetrieveParameters -->
        <test-method status="PASS" signature="VerifyAbleToPopulateTextBoxes()[pri:0, instance:com.te.toolsqa.TextBoxPageTest@12c7a01b]" name="VerifyAbleToPopulateTextBoxes" duration-ms="1792" started-at="2022-06-02T19:44:01Z" finished-at="2022-06-02T19:44:03Z">
          <reporter-output>
          </reporter-output>
        </test-method> <!-- VerifyAbleToPopulateTextBoxes -->
      </class> <!-- com.te.toolsqa.TextBoxPageTest -->
    </test> <!-- Surefire test -->
  </suite> <!-- Surefire suite -->
</testng-results>
