<?xml version="1.0" encoding="UTF-8"?>
<testsuite xmlns:xsi="http://www.w3.org/2001/XMLSchema-instance" xsi:schemaLocation="https://maven.apache.org/surefire/maven-surefire-plugin/xsd/surefire-test-report.xsd" name="TestSuite" time="19.883" tests="5" errors="0" skipped="0" failures="0">
  <properties>
[...]
</properties>
  <testcase name="VerifyEnterAndSearch" classname="com.te.TestCases.HomePageTest" time="3.458"/>
  <testcase name="VerifyEnterAndSearch1" classname="com.te.TestCases.HomePageTest" time="2.305"/>
  <testcase name="VerifyAbleToPopulateFormWithAllParameters" classname="com.te.toolsqa.TextBoxPageTest" time="2.855"/>
  <testcase name="VerifyAbleToPopulateFormWithSkipParameters" classname="com.te.toolsqa.TextBoxPageTest" time="1.302"/>
  <testcase name="VerifyAbleToPopulateTextBoxes" classname="com.te.toolsqa.TextBoxPageTest" time="1.751"/>
</testsuite>