<?xml version="1.0" encoding="UTF-8"?>
<testng-results total="5" passed="5" failed="0" skipped="0">
  <reporter-output>
  </reporter-output>
  <suite started-at="2022-06-02T17:06:19Z" name="Surefire suite" finished-at="2022-06-02T17:06:31Z" duration-ms="11557">
    <groups>
    </groups>
    <test started-at="2022-06-02T17:06:19Z" name="Surefire test" finished-at="2022-06-02T17:06:31Z" duration-ms="11557">
      <class name="com.te.TestCases.HomePageTest">
        <test-method is-config="true" signature="RetrieveParameters(java.lang.reflect.Method)[pri:0, instance:com.te.TestCases.HomePageTest@56ccd751]" started-at="2022-06-02T19:06:19Z" name="RetrieveParameters" finished-at="2022-06-02T19:06:19Z" duration-ms="22" status="PASS">
          <params>
            <param index="0">
              <value>
                <![CDATA[public void com.te.TestCases.HomePageTest.VerifyEnterAndSearch()]]>
              </value>
            </param>
          </params>
          <reporter-output>
          </reporter-output>
        </test-method> <!-- RetrieveParameters -->
        <test-method signature="VerifyEnterAndSearch()[pri:0, instance:com.te.TestCases.HomePageTest@56ccd751]" started-at="2022-06-02T19:06:19Z" name="VerifyEnterAndSearch" finished-at="2022-06-02T19:06:23Z" duration-ms="3557" status="PASS">
          <reporter-output>
          </reporter-output>
        </test-method> <!-- VerifyEnterAndSearch -->
        <test-method is-config="true" signature="RetrieveParameters(java.lang.reflect.Method)[pri:0, instance:com.te.TestCases.HomePageTest@56ccd751]" started-at="2022-06-02T19:06:23Z" name="RetrieveParameters" finished-at="2022-06-02T19:06:23Z" duration-ms="4" status="PASS">
          <params>
            <param index="0">
              <value>
                <![CDATA[public void com.te.TestCases.HomePageTest.VerifyEnterAndSearch1()]]>
              </value>
            </param>
          </params>
          <reporter-output>
          </reporter-output>
        </test-method> <!-- RetrieveParameters -->
        <test-method signature="VerifyEnterAndSearch1()[pri:0, instance:com.te.TestCases.HomePageTest@56ccd751]" started-at="2022-06-02T19:06:23Z" name="VerifyEnterAndSearch1" finished-at="2022-06-02T19:06:25Z" duration-ms="2287" status="PASS">
          <reporter-output>
          </reporter-output>
        </test-method> <!-- VerifyEnterAndSearch1 -->
        <test-method is-config="true" signature="tearDown(org.testng.ITestContext)[pri:0, instance:com.te.TestCases.HomePageTest@56ccd751]" started-at="2022-06-02T19:06:31Z" name="tearDown" finished-at="2022-06-02T19:06:31Z" duration-ms="253" status="PASS">
          <params>
            <param index="0">
              <value>
                <![CDATA[org.testng.TestRunner@2ff15f8c]]>
              </value>
            </param>
          </params>
          <reporter-output>
          </reporter-output>
        </test-method> <!-- tearDown -->
      </class> <!-- com.te.TestCases.HomePageTest -->
      <class name="com.te.toolsqa.TextBoxPageTest">
        <test-method is-config="true" signature="RetrieveParameters(java.lang.reflect.Method)[pri:0, instance:com.te.toolsqa.TextBoxPageTest@52a36910]" started-at="2022-06-02T19:06:25Z" name="RetrieveParameters" finished-at="2022-06-02T19:06:25Z" duration-ms="1" status="PASS">
          <params>
            <param index="0">
              <value>
                <![CDATA[public void com.te.toolsqa.TextBoxPageTest.VerifyAbleToPopulateFormWithAllParameters()]]>
              </value>
            </param>
          </params>
          <reporter-output>
          </reporter-output>
        </test-method> <!-- RetrieveParameters -->
        <test-method signature="VerifyAbleToPopulateFormWithAllParameters()[pri:0, instance:com.te.toolsqa.TextBoxPageTest@52a36910]" started-at="2022-06-02T19:06:25Z" name="VerifyAbleToPopulateFormWithAllParameters" finished-at="2022-06-02T19:06:28Z" duration-ms="3005" status="PASS">
          <reporter-output>
          </reporter-output>
        </test-method> <!-- VerifyAbleToPopulateFormWithAllParameters -->
        <test-method signature="VerifyAbleToPopulateFormWithSkipParameters()[pri:0, instance:com.te.toolsqa.TextBoxPageTest@52a36910]" started-at="2022-06-02T19:06:28Z" name="VerifyAbleToPopulateFormWithSkipParameters" finished-at="2022-06-02T19:06:29Z" duration-ms="1350" status="PASS">
          <reporter-output>
          </reporter-output>
        </test-method> <!-- VerifyAbleToPopulateFormWithSkipParameters -->
        <test-method is-config="true" signature="RetrieveParameters(java.lang.reflect.Method)[pri:0, instance:com.te.toolsqa.TextBoxPageTest@52a36910]" started-at="2022-06-02T19:06:28Z" name="RetrieveParameters" finished-at="2022-06-02T19:06:28Z" duration-ms="0" status="PASS">
          <params>
            <param index="0">
              <value>
                <![CDATA[public void com.te.toolsqa.TextBoxPageTest.VerifyAbleToPopulateFormWithSkipParameters()]]>
              </value>
            </param>
          </params>
          <reporter-output>
          </reporter-output>
        </test-method> <!-- RetrieveParameters -->
        <test-method is-config="true" signature="RetrieveParameters(java.lang.reflect.Method)[pri:0, instance:com.te.toolsqa.TextBoxPageTest@52a36910]" started-at="2022-06-02T19:06:29Z" name="RetrieveParameters" finished-at="2022-06-02T19:06:29Z" duration-ms="1" status="PASS">
          <params>
            <param index="0">
              <value>
                <![CDATA[public void com.te.toolsqa.TextBoxPageTest.VerifyAbleToPopulateTextBoxes()]]>
              </value>
            </param>
          </params>
          <reporter-output>
          </reporter-output>
        </test-method> <!-- RetrieveParameters -->
        <test-method signature="VerifyAbleToPopulateTextBoxes()[pri:0, instance:com.te.toolsqa.TextBoxPageTest@52a36910]" started-at="2022-06-02T19:06:29Z" name="VerifyAbleToPopulateTextBoxes" finished-at="2022-06-02T19:06:31Z" duration-ms="1310" status="PASS">
          <reporter-output>
          </reporter-output>
        </test-method> <!-- VerifyAbleToPopulateTextBoxes -->
      </class> <!-- com.te.toolsqa.TextBoxPageTest -->
    </test> <!-- Surefire test -->
  </suite> <!-- Surefire suite -->
</testng-results>
