<?xml version="1.0" encoding="UTF-8"?>
<testng-results ignored="0" total="5" passed="5" failed="0" skipped="0">
  <reporter-output>
  </reporter-output>
  <suite started-at="2022-06-02T19:39:43 CEST" name="Regression Suite" finished-at="2022-06-02T19:39:55 CEST" duration-ms="11739">
    <groups>
    </groups>
    <test started-at="2022-06-02T19:39:43 CEST" name="VerifyAbleToPopulateTextBoxes" finished-at="2022-06-02T19:39:49 CEST" duration-ms="5831">
      <class name="com.te.TestCases.HomePageTest">
        <test-method is-config="true" signature="RetrieveParameters(java.lang.reflect.Method)[pri:0, instance:com.te.TestCases.HomePageTest@769a58e5]" started-at="2022-06-02T19:39:44 CEST" name="RetrieveParameters" finished-at="2022-06-02T19:39:44 CEST" duration-ms="8" status="PASS">
          <params>
            <param index="0">
              <value>
                <![CDATA[public void com.te.TestCases.HomePageTest.VerifyEnterAndSearch()]]>
              </value>
            </param>
          </params>
          <reporter-output>
          </reporter-output>
        </test-method> <!-- RetrieveParameters -->
        <test-method signature="VerifyEnterAndSearch()[pri:0, instance:com.te.TestCases.HomePageTest@769a58e5]" started-at="2022-06-02T19:39:44 CEST" name="VerifyEnterAndSearch" finished-at="2022-06-02T19:39:47 CEST" duration-ms="3300" status="PASS">
          <reporter-output>
          </reporter-output>
        </test-method> <!-- VerifyEnterAndSearch -->
        <test-method is-config="true" signature="RetrieveParameters(java.lang.reflect.Method)[pri:0, instance:com.te.TestCases.HomePageTest@769a58e5]" started-at="2022-06-02T19:39:47 CEST" name="RetrieveParameters" finished-at="2022-06-02T19:39:47 CEST" duration-ms="2" status="PASS">
          <params>
            <param index="0">
              <value>
                <![CDATA[public void com.te.TestCases.HomePageTest.VerifyEnterAndSearch1()]]>
              </value>
            </param>
          </params>
          <reporter-output>
          </reporter-output>
        </test-method> <!-- RetrieveParameters -->
        <test-method signature="VerifyEnterAndSearch1()[pri:0, instance:com.te.TestCases.HomePageTest@769a58e5]" started-at="2022-06-02T19:39:47 CEST" name="VerifyEnterAndSearch1" finished-at="2022-06-02T19:39:49 CEST" duration-ms="2476" status="PASS">
          <reporter-output>
          </reporter-output>
        </test-method> <!-- VerifyEnterAndSearch1 -->
      </class> <!-- com.te.TestCases.HomePageTest -->
    </test> <!-- VerifyAbleToPopulateTextBoxes -->
    <test started-at="2022-06-02T19:39:49 CEST" name="VerifyEnterAndSearch" finished-at="2022-06-02T19:39:55 CEST" duration-ms="5865">
      <class name="com.te.toolsqa.TextBoxPageTest">
        <test-method is-config="true" signature="RetrieveParameters(java.lang.reflect.Method)[pri:0, instance:com.te.toolsqa.TextBoxPageTest@3d36dff4]" started-at="2022-06-02T19:39:49 CEST" name="RetrieveParameters" finished-at="2022-06-02T19:39:49 CEST" duration-ms="1" status="PASS">
          <params>
            <param index="0">
              <value>
                <![CDATA[public void com.te.toolsqa.TextBoxPageTest.VerifyAbleToPopulateFormWithAllParameters()]]>
              </value>
            </param>
          </params>
          <reporter-output>
          </reporter-output>
        </test-method> <!-- RetrieveParameters -->
        <test-method signature="VerifyAbleToPopulateFormWithAllParameters()[pri:0, instance:com.te.toolsqa.TextBoxPageTest@3d36dff4]" started-at="2022-06-02T19:39:49 CEST" name="VerifyAbleToPopulateFormWithAllParameters" finished-at="2022-06-02T19:39:52 CEST" duration-ms="2866" status="PASS">
          <reporter-output>
          </reporter-output>
        </test-method> <!-- VerifyAbleToPopulateFormWithAllParameters -->
        <test-method is-config="true" signature="RetrieveParameters(java.lang.reflect.Method)[pri:0, instance:com.te.toolsqa.TextBoxPageTest@3d36dff4]" started-at="2022-06-02T19:39:52 CEST" name="RetrieveParameters" finished-at="2022-06-02T19:39:52 CEST" duration-ms="3" status="PASS">
          <params>
            <param index="0">
              <value>
                <![CDATA[public void com.te.toolsqa.TextBoxPageTest.VerifyAbleToPopulateFormWithSkipParameters()]]>
              </value>
            </param>
          </params>
          <reporter-output>
          </reporter-output>
        </test-method> <!-- RetrieveParameters -->
        <test-method signature="VerifyAbleToPopulateFormWithSkipParameters()[pri:0, instance:com.te.toolsqa.TextBoxPageTest@3d36dff4]" started-at="2022-06-02T19:39:52 CEST" name="VerifyAbleToPopulateFormWithSkipParameters" finished-at="2022-06-02T19:39:54 CEST" duration-ms="1507" status="PASS">
          <reporter-output>
          </reporter-output>
        </test-method> <!-- VerifyAbleToPopulateFormWithSkipParameters -->
        <test-method signature="VerifyAbleToPopulateTextBoxes()[pri:0, instance:com.te.toolsqa.TextBoxPageTest@3d36dff4]" started-at="2022-06-02T19:39:54 CEST" name="VerifyAbleToPopulateTextBoxes" finished-at="2022-06-02T19:39:55 CEST" duration-ms="1479" status="PASS">
          <reporter-output>
          </reporter-output>
        </test-method> <!-- VerifyAbleToPopulateTextBoxes -->
        <test-method is-config="true" signature="RetrieveParameters(java.lang.reflect.Method)[pri:0, instance:com.te.toolsqa.TextBoxPageTest@3d36dff4]" started-at="2022-06-02T19:39:54 CEST" name="RetrieveParameters" finished-at="2022-06-02T19:39:54 CEST" duration-ms="0" status="PASS">
          <params>
            <param index="0">
              <value>
                <![CDATA[public void com.te.toolsqa.TextBoxPageTest.VerifyAbleToPopulateTextBoxes()]]>
              </value>
            </param>
          </params>
          <reporter-output>
          </reporter-output>
        </test-method> <!-- RetrieveParameters -->
        <test-method is-config="true" signature="tearDown()[pri:0, instance:com.te.toolsqa.TextBoxPageTest@3d36dff4]" started-at="2022-06-02T19:39:55 CEST" name="tearDown" finished-at="2022-06-02T19:39:55 CEST" duration-ms="218" status="PASS">
          <reporter-output>
          </reporter-output>
        </test-method> <!-- tearDown -->
      </class> <!-- com.te.toolsqa.TextBoxPageTest -->
    </test> <!-- VerifyEnterAndSearch -->
  </suite> <!-- Regression Suite -->
</testng-results>
