<?xml version="1.0" encoding="UTF-8"?>
<testng-results ignored="0" total="1" passed="1" failed="0" skipped="0">
  <reporter-output>
  </reporter-output>
  <suite started-at="2022-05-31T17:00:08 CEST" name="Regression Suite" finished-at="2022-05-31T17:00:10 CEST" duration-ms="1836">
    <groups>
    </groups>
    <test started-at="2022-05-31T17:00:08 CEST" name="HomePageTest" finished-at="2022-05-31T17:00:10 CEST" duration-ms="1836">
      <class name="com.te.TestCases.HomePageTest">
        <test-method signature="VerifyEnterAndSearch()[pri:0, instance:com.te.TestCases.HomePageTest@6e0f7aad]" started-at="2022-05-31T17:00:08 CEST" name="VerifyEnterAndSearch" finished-at="2022-05-31T17:00:09 CEST" duration-ms="1592" status="PASS">
          <reporter-output>
          </reporter-output>
        </test-method> <!-- VerifyEnterAndSearch -->
        <test-method is-config="true" signature="tearDown()[pri:0, instance:com.te.TestCases.HomePageTest@6e0f7aad]" started-at="2022-05-31T17:00:09 CEST" name="tearDown" finished-at="2022-05-31T17:00:10 CEST" duration-ms="201" status="PASS">
          <reporter-output>
          </reporter-output>
        </test-method> <!-- tearDown -->
      </class> <!-- com.te.TestCases.HomePageTest -->
    </test> <!-- HomePageTest -->
  </suite> <!-- Regression Suite -->
</testng-results>
